<?xml version="1.0" encoding="UTF-8"?>
<!-- Generated by org.testng.reporters.JUnitReportReporter -->
<testsuite hostname="DEC029" failures="0" tests="1" name="tests.FailedLoginTests" time="6.043" errors="0" timestamp="16 lis 2018 12:47:03 GMT" skipped="0">
  <testcase classname="tests.FailedLoginTests" name="asUserTryToLogInWithIncorrectLoginAndPassword" time="6.043"/>
</testsuite> <!-- tests.FailedLoginTests -->
